<?xml version="1.0" encoding="UTF-8"?>
<beans xmlns="http://www.springframework.org/schema/beans"
       xmlns:xsi="http://www.w3.org/2001/XMLSchema-instance"
       xmlns:p="http://www.springframework.org/schema/p"
       xmlns:osgi="http://www.springframework.org/schema/osgi"
       xsi:schemaLocation="
		http://www.springframework.org/schema/beans http://www.springframework.org/schema/beans/spring-beans.xsd
		http://www.springframework.org/schema/osgi http://www.springframework.org/schema/osgi/spring-osgi.xsd">

    <bean id="uimRegistry" class="eu.europeana.uim.UIMRegistry" scope="singleton"/>

    <bean id="workflowProcessorProvider" class="eu.europeana.uim.workflow.UIMWorkflowProcessorProvider">
        <constructor-arg>
            <bean class="eu.europeana.uim.workflow.UIMStepProcessorProvider" />
        </constructor-arg>

    </bean>


    <bean id="uimOrchestrator" class="eu.europeana.uim.orchestration.UIMOrchestrator" scope="singleton">
        <constructor-arg ref="uimRegistry"/>
        <constructor-arg ref="workflowProcessorProvider" />
    </bean>

</beans>