<?xml version="1.0" encoding="UTF-8"?>
<persistence xmlns="http://java.sun.com/xml/ns/persistence"
             xmlns:xsi="http://www.w3.org/2001/XMLSchema-instance" version="1.0"
             xsi:schemaLocation="http://java.sun.com/xml/ns/persistence http://java.sun.com/xml/ns/persistence/persistence_1_0.xsd">

    <persistence-unit name="tel-unit-test">
        <provider>org.hibernate.ejb.HibernatePersistence</provider>
		
        <class>eu.europeana.uim.logging.database.DatabaseLogEntry</class>
        
        <properties>
            <property name="hibernate.hbm2ddl.auto" value="create-drop"/>
        
            <property name="hibernate.c3p0.min_size" value="5"/>
            <property name="hibernate.c3p0.max_size" value="20"/>
            <property name="hibernate.c3p0.timeout" value="300"/>
            <property name="hibernate.c3p0.max_statements" value="50"/>
            <property name="hibernate.c3p0.idle_test_period" value="3000"/>
        
        
            <property name="hibernate.cache.provider_class" value="net.sf.ehcache.hibernate.SingletonEhCacheProvider"/>
            <property name="cache.provider_configuration_file_resource_path" value="test-ehcache.xml"/>
            
            <property name="hibernate.cache.use_second_level_cache" value="true"/>
            <property name="hibernate.cache.use_query_cache" value="true"/>
            <property name="hibernate.generate_statistics" value="true"/>
        </properties>
    </persistence-unit>

</persistence>