<?xml version="1.0" encoding="UTF-8"?>
<beans
        xmlns="http://www.springframework.org/schema/beans"
        xmlns:xsi="http://www.w3.org/2001/XMLSchema-instance"
        xmlns:context="http://www.springframework.org/schema/context"
        xmlns:tx="http://www.springframework.org/schema/tx"
        xmlns:util="http://www.springframework.org/schema/util"
        xmlns:aop="http://www.springframework.org/schema/aop"
        xsi:schemaLocation=
                "http://www.springframework.org/schema/beans http://www.springframework.org/schema/beans/spring-beans-3.0.xsd
                 http://www.springframework.org/schema/context http://www.springframework.org/schema/context/spring-context-3.0.xsd
                 http://www.springframework.org/schema/aop http://www.springframework.org/schema/aop/spring-aop-3.0.xsd
                 http://www.springframework.org/schema/tx http://www.springframework.org/schema/tx/spring-tx-3.0.xsd
                 http://www.springframework.org/schema/util http://www.springframework.org/schema/util/spring-util-3.0.xsd"
        >

    <context:annotation-config/>

    <bean class="org.springframework.beans.factory.config.PropertyPlaceholderConfigurer">
        <property name="locations">
            <list>
                <value>classpath:tdatabase.properties</value>
            </list>
        </property>
        <property name="ignoreResourceNotFound" value="false"/>
        <property name="systemPropertiesModeName" value="SYSTEM_PROPERTIES_MODE_OVERRIDE"/>
    </bean>

    <bean id="dataSource" class="com.mchange.v2.c3p0.ComboPooledDataSource">
        <property name="driverClass" value="${db.driverClass}"/>
        <property name="jdbcUrl"     value="${db.jdbcUrl}"/>
        <property name="user"        value="${db.user}"/>
        <property name="password"    value="${db.password}"/>
    </bean>

    <bean id="hibernateJpaVendorAdapter" class="org.springframework.orm.jpa.vendor.HibernateJpaVendorAdapter">
        <property name="showSql" value="${db.showsql}"/>
    </bean>

    <bean id="entityManagerFactory" class="org.springframework.orm.jpa.LocalContainerEntityManagerFactoryBean">
        <property name="persistenceXmlLocation" value="classpath:/test-persistence.xml"/>
        <property name="dataSource" ref="dataSource"/>
        <property name="jpaVendorAdapter" ref="hibernateJpaVendorAdapter"/>
        
    </bean>

    <bean id="transactionManager" class="org.springframework.orm.jpa.JpaTransactionManager">
        <property name="entityManagerFactory" ref="entityManagerFactory"/>
        <property name="dataSource" ref="dataSource"/>
    </bean>

    <tx:annotation-driven proxy-target-class="true"/>

    <bean class="org.springframework.orm.jpa.support.PersistenceAnnotationBeanPostProcessor"/>


</beans>
