<?xml version="1.0" encoding="UTF-8"?>
<beans xmlns="http://www.springframework.org/schema/beans"
       xmlns:xsi="http://www.w3.org/2001/XMLSchema-instance"
       xmlns:p="http://www.springframework.org/schema/p"
       xmlns:osgi="http://www.springframework.org/schema/osgi"
       xmlns:task="http://www.springframework.org/schema/task"
       xmlns:util="http://www.springframework.org/schema/util"
       xsi:schemaLocation="
		http://www.springframework.org/schema/beans http://www.springframework.org/schema/beans/spring-beans.xsd
		http://www.springframework.org/schema/osgi http://www.springframework.org/schema/osgi/spring-osgi.xsd
		http://www.springframework.org/schema/task http://www.springframework.org/schema/task/spring-task.xsd
		http://www.springframework.org/schema/util http://www.springframework.org/schema/util/spring-util.xsd">

    <!-- scope is singleton instead of bundle -->
    <bean id="uimRegistry" class="eu.europeana.uim.UIMRegistry" scope="singleton" />

    <bean id="uimOrchestrator" class="eu.europeana.uim.orchestration.UIMOrchestrator">
        <constructor-arg ref="uimRegistry"/>
    </bean>

    <bean id="uimInfoShell" class="eu.europeana.uim.UIMInfo">
        <property name="registry" ref="uimRegistry" />
    </bean>

    <bean id="memoryStore" class="eu.europeana.uim.store.memory.MemoryStorageEngine"/>

</beans>