<?xml version="1.0" encoding="UTF-8"?>
<beans xmlns="http://www.springframework.org/schema/beans"
	xmlns:xsi="http://www.w3.org/2001/XMLSchema-instance"
	xsi:schemaLocation="http://www.springframework.org/schema/beans http://www.springframework.org/schema/beans/spring-beans.xsd">

	<!-- regular spring configuration file defining the beans for this bundle. 
		The configuration of OSGi definitions is kept in a separate configuration 
		file so that this file can easily be used for integration testing outside 
		of an OSGi environment -->



	<bean id="sugarWsClient" class="eu.europeana.uim.sugarcrmclient.ws.SugarWsClient">
		<property name="webServiceTemplate" ref="webServiceTemplate"/>
	</bean>


    <bean id="messageFactory" class="eu.europeana.uim.sugarcrmclient.internal.ExtendedSaajSoapMessageFactory"/>

    <bean id="webServiceTemplate" class="org.springframework.ws.client.core.WebServiceTemplate">
         <constructor-arg ref="messageFactory"/>

         <property name="defaultUri" value="${host}" />
         <property name="marshaller" ref="jaxb2Marshaller" />
         <property name="unmarshaller" ref="jaxb2Marshaller" />
         <!--  
         <property name="messageSender">
           <bean class="org.springframework.ws.transport.http.HttpUrlConnectionMessageSender">
            <property name="acceptGzipEncoding" value="true" />
           </bean>
         </property>
        
         <property name="interceptors">
           <list>
            <ref bean="compressedSoapInterceptor" />
           </list>
         </property>
         -->
    </bean>
    
    
    <bean id="jaxb2Marshaller" class="org.springframework.oxm.jaxb.Jaxb2Marshaller">
         <property name="contextPath" value="org.xmlsoap.schemas.soap.encoding:com.sugarcrm.sugarcrm"/>
    </bean>
    
    
   <!--Log4j Configuration-->  
   <bean id="log4jInitialization"
	class="org.springframework.beans.factory.config.MethodInvokingFactoryBean">
		<property name="targetClass" value="org.springframework.util.Log4jConfigurer" />
		<property name="targetMethod" value="initLogging" />
		<property name="arguments">
			<list>
				<value>classpath:testlog4j.properties</value>
			</list>
		</property>
	</bean>
	
	<!--Inject defined properties into Spring -->  
   <bean id="propertiesPlaceholderConfig" class="org.springframework.beans.factory.config.PropertyPlaceholderConfigurer">    
       <property name="location" value="classpath:testConfig.properties"/>  
   </bean>



</beans>