<?xml version="1.0" encoding="UTF-8"?>
<beans xmlns="http://www.springframework.org/schema/beans"
	xmlns:xsi="http://www.w3.org/2001/XMLSchema-instance"
	xmlns:oxm="http://www.springframework.org/schema/oxm"
	xsi:schemaLocation="http://www.springframework.org/schema/beans http://www.springframework.org/schema/beans/spring-beans.xsd
	http://www.springframework.org/schema/oxm http://www.springframework.org/schema/oxm/spring-oxm-1.5.xsd">

	<!-- regular spring configuration file defining the beans for this bundle. 
		The configuration of OSGi definitions is kept in a separate configuration 
		file so that this file can easily be used for integration testing outside 
		of an OSGi environment -->


    <bean id="sugarWsClientFactory" class="eu.europeana.uim.sugarcrmclient.ws.ClientFactory">
       <property name="webServiceTemplate" ref="webServiceTemplate"/>
    </bean>

    <bean id="sugarWsClient" factory-bean="sugarWsClientFactory" factory-method="createInstance">
       <constructor-arg value="${username}"/>
       <constructor-arg value="${password}"/>
    </bean>
    

    <bean id="messageFactory" class="eu.europeana.uim.sugarcrmclient.internal.ExtendedSaajSoapMessageFactory"/>

    <bean id="webServiceTemplate" class="org.springframework.ws.client.core.WebServiceTemplate">
         <constructor-arg ref="messageFactory"/>

         <property name="defaultUri" value="${host}" />
         <property name="marshaller" ref="jibxMarshaller" />
         <property name="unmarshaller" ref="jibxMarshaller" />
    </bean>
    
    
    <bean id="jibxMarshaller" class="org.springframework.oxm.jibx.JibxMarshaller"> 
         <property name="targetClass" value="eu.europeana.uim.sugarcrmclient.jibxbindings.Login"/> 
    </bean>
    
    
   <!--Log4j Configuration-->  
   <bean id="log4jInitialization"
	class="org.springframework.beans.factory.config.MethodInvokingFactoryBean">
		<property name="targetClass" value="org.springframework.util.Log4jConfigurer" />
		<property name="targetMethod" value="initLogging" />
		<property name="arguments">
			<list>
				<value>classpath:testlog4j.properties</value>
			</list>
		</property>
	</bean>
	
	<!--Inject defined properties into Spring -->  
   <bean id="propertiesPlaceholderConfig" class="org.springframework.beans.factory.config.PropertyPlaceholderConfigurer">    
       <property name="location" value="classpath:testConfig.properties"/>  
   </bean>



</beans>